<?xml version="1.0" encoding="UTF-8"?>
<testng-results ignored="0" total="5" passed="5" failed="0" skipped="0">
  <reporter-output>
  </reporter-output>
  <suite started-at="2023-06-28T13:26:46Z" name="Suite" finished-at="2023-06-28T13:27:27Z" duration-ms="40937">
    <groups>
      <group name="cucumber">
        <method signature="AbstractTestNGCucumberTests.runScenario(cucumber.api.testng.PickleEventWrapper, cucumber.api.testng.CucumberFeatureWrapper)[pri:0, instance:testRunner.ProductsTestRunner@3e96bacf]" name="runScenario" class="cucumber.api.testng.AbstractTestNGCucumberTests"/>
        <method signature="AbstractTestNGCucumberTests.runScenario(cucumber.api.testng.PickleEventWrapper, cucumber.api.testng.CucumberFeatureWrapper)[pri:0, instance:testRunner.Runner@3571b748]" name="runScenario" class="cucumber.api.testng.AbstractTestNGCucumberTests"/>
      </group> <!-- cucumber -->
    </groups>
    <test started-at="2023-06-28T13:26:46Z" name="Test" finished-at="2023-06-28T13:27:27Z" duration-ms="40937">
      <class name="testRunner.ProductsTestRunner">
        <test-method is-config="true" signature="setUpClass()[pri:0, instance:testRunner.ProductsTestRunner@3e96bacf]" started-at="2023-06-28T13:26:46Z" name="setUpClass" finished-at="2023-06-28T13:26:47Z" duration-ms="709" status="PASS">
          <reporter-output>
          </reporter-output>
        </test-method> <!-- setUpClass -->
        <test-method signature="runScenario(cucumber.api.testng.PickleEventWrapper, cucumber.api.testng.CucumberFeatureWrapper)[pri:0, instance:testRunner.ProductsTestRunner@3e96bacf]" started-at="2023-06-28T13:26:47Z" name="runScenario" description="Runs Cucumber Scenarios" data-provider="scenarios" finished-at="2023-06-28T13:26:59Z" duration-ms="12776" status="PASS">
          <params>
            <param index="0">
              <value>
                <![CDATA["Add to cart"]]>
              </value>
            </param>
            <param index="1">
              <value>
                <![CDATA["Prodcuts test"]]>
              </value>
            </param>
          </params>
          <reporter-output>
          </reporter-output>
        </test-method> <!-- runScenario -->
        <test-method signature="runScenario(cucumber.api.testng.PickleEventWrapper, cucumber.api.testng.CucumberFeatureWrapper)[pri:0, instance:testRunner.ProductsTestRunner@3e96bacf]" started-at="2023-06-28T13:26:59Z" name="runScenario" description="Runs Cucumber Scenarios" data-provider="scenarios" finished-at="2023-06-28T13:27:15Z" duration-ms="15472" status="PASS">
          <params>
            <param index="0">
              <value>
                <![CDATA["Add to cart"]]>
              </value>
            </param>
            <param index="1">
              <value>
                <![CDATA["Prodcuts test"]]>
              </value>
            </param>
          </params>
          <reporter-output>
          </reporter-output>
        </test-method> <!-- runScenario -->
        <test-method signature="runScenario(cucumber.api.testng.PickleEventWrapper, cucumber.api.testng.CucumberFeatureWrapper)[pri:0, instance:testRunner.ProductsTestRunner@3e96bacf]" started-at="2023-06-28T13:27:15Z" name="runScenario" description="Runs Cucumber Scenarios" data-provider="scenarios" finished-at="2023-06-28T13:27:27Z" duration-ms="11905" status="PASS">
          <params>
            <param index="0">
              <value>
                <![CDATA["Add to cart"]]>
              </value>
            </param>
            <param index="1">
              <value>
                <![CDATA["Prodcuts test"]]>
              </value>
            </param>
          </params>
          <reporter-output>
          </reporter-output>
        </test-method> <!-- runScenario -->
        <test-method is-config="true" signature="tearDownClass()[pri:0, instance:testRunner.ProductsTestRunner@3e96bacf]" started-at="2023-06-28T13:27:27Z" name="tearDownClass" finished-at="2023-06-28T13:27:27Z" duration-ms="20" status="PASS">
          <reporter-output>
          </reporter-output>
        </test-method> <!-- tearDownClass -->
      </class> <!-- testRunner.ProductsTestRunner -->
      <class name="testRunner.Runner">
        <test-method is-config="true" signature="setUpClass()[pri:0, instance:testRunner.Runner@3571b748]" started-at="2023-06-28T13:26:46Z" name="setUpClass" finished-at="2023-06-28T13:26:47Z" duration-ms="709" status="PASS">
          <reporter-output>
          </reporter-output>
        </test-method> <!-- setUpClass -->
        <test-method signature="runScenario(cucumber.api.testng.PickleEventWrapper, cucumber.api.testng.CucumberFeatureWrapper)[pri:0, instance:testRunner.Runner@3571b748]" started-at="2023-06-28T13:26:47Z" name="runScenario" description="Runs Cucumber Scenarios" data-provider="scenarios" finished-at="2023-06-28T13:26:56Z" duration-ms="9396" status="PASS">
          <params>
            <param index="0">
              <value>
                <![CDATA["Login should be success"]]>
              </value>
            </param>
            <param index="1">
              <value>
                <![CDATA["Auth Test"]]>
              </value>
            </param>
          </params>
          <reporter-output>
          </reporter-output>
        </test-method> <!-- runScenario -->
        <test-method signature="runScenario(cucumber.api.testng.PickleEventWrapper, cucumber.api.testng.CucumberFeatureWrapper)[pri:0, instance:testRunner.Runner@3571b748]" started-at="2023-06-28T13:26:56Z" name="runScenario" description="Runs Cucumber Scenarios" data-provider="scenarios" finished-at="2023-06-28T13:27:05Z" duration-ms="9103" status="PASS">
          <params>
            <param index="0">
              <value>
                <![CDATA["Login should not be success"]]>
              </value>
            </param>
            <param index="1">
              <value>
                <![CDATA["Auth Test"]]>
              </value>
            </param>
          </params>
          <reporter-output>
          </reporter-output>
        </test-method> <!-- runScenario -->
        <test-method is-config="true" signature="tearDownClass()[pri:0, instance:testRunner.Runner@3571b748]" started-at="2023-06-28T13:27:05Z" name="tearDownClass" finished-at="2023-06-28T13:27:05Z" duration-ms="320" status="PASS">
          <reporter-output>
          </reporter-output>
        </test-method> <!-- tearDownClass -->
      </class> <!-- testRunner.Runner -->
    </test> <!-- Test -->
  </suite> <!-- Suite -->
</testng-results>
